2022-10-04 07:54:59.176 +08:00 [INF]    - Microsoft.Hosting.Lifetime Now listening on: http://localhost:62412
2022-10-04 07:54:59.296 +08:00 [INF]    - Microsoft.Hosting.Lifetime Application started. Press Ctrl+C to shut down.
2022-10-04 07:54:59.296 +08:00 [INF]    - Microsoft.Hosting.Lifetime Hosting environment: Development
2022-10-04 07:54:59.296 +08:00 [INF]    - Microsoft.Hosting.Lifetime Content root path: /Users/satryawiguna/Documents/NetProjects/Mibo/WiangtaiMemberApp/WiangtaiMemberApp.Web/
2022-10-04 07:55:01.721 +08:00 [WRN] 0HML5JAN2TEC4:00000002   - Microsoft.AspNetCore.HttpsPolicy.HttpsRedirectionMiddleware Failed to determine the https port for redirect.
2022-10-04 07:56:52.182 +08:00 [INF]    - Microsoft.Hosting.Lifetime Now listening on: http://localhost:62412
2022-10-04 07:56:52.282 +08:00 [INF]    - Microsoft.Hosting.Lifetime Application started. Press Ctrl+C to shut down.
2022-10-04 07:56:52.283 +08:00 [INF]    - Microsoft.Hosting.Lifetime Hosting environment: Development
2022-10-04 07:56:52.283 +08:00 [INF]    - Microsoft.Hosting.Lifetime Content root path: /Users/satryawiguna/Documents/NetProjects/Mibo/WiangtaiMemberApp/WiangtaiMemberApp.Web/
2022-10-04 07:56:53.412 +08:00 [WRN] 0HML5JBOOF1DS:00000002   - Microsoft.AspNetCore.HttpsPolicy.HttpsRedirectionMiddleware Failed to determine the https port for redirect.
2022-10-04 07:58:20.244 +08:00 [INF]    - Microsoft.Hosting.Lifetime Now listening on: http://localhost:62412
2022-10-04 07:58:20.382 +08:00 [INF]    - Microsoft.Hosting.Lifetime Application started. Press Ctrl+C to shut down.
2022-10-04 07:58:20.382 +08:00 [INF]    - Microsoft.Hosting.Lifetime Hosting environment: Development
2022-10-04 07:58:20.382 +08:00 [INF]    - Microsoft.Hosting.Lifetime Content root path: /Users/satryawiguna/Documents/NetProjects/Mibo/WiangtaiMemberApp/WiangtaiMemberApp.Web/
2022-10-04 07:58:21.471 +08:00 [WRN] 0HML5JCJ0IIEE:00000002   - Microsoft.AspNetCore.HttpsPolicy.HttpsRedirectionMiddleware Failed to determine the https port for redirect.
2022-10-04 08:06:38.015 +08:00 [INF]    - Microsoft.Hosting.Lifetime Now listening on: http://localhost:62412
2022-10-04 08:06:38.105 +08:00 [INF]    - Microsoft.Hosting.Lifetime Application started. Press Ctrl+C to shut down.
2022-10-04 08:06:38.105 +08:00 [INF]    - Microsoft.Hosting.Lifetime Hosting environment: Development
2022-10-04 08:06:38.105 +08:00 [INF]    - Microsoft.Hosting.Lifetime Content root path: /Users/satryawiguna/Documents/NetProjects/Mibo/WiangtaiMemberApp/WiangtaiMemberApp.Web/
2022-10-04 08:06:39.208 +08:00 [WRN] 0HML5JH7B87KO:00000002   - Microsoft.AspNetCore.HttpsPolicy.HttpsRedirectionMiddleware Failed to determine the https port for redirect.
2022-10-04 09:15:28.524 +08:00 [INF]    - Microsoft.Hosting.Lifetime Now listening on: http://localhost:62412
2022-10-04 09:15:28.667 +08:00 [INF]    - Microsoft.Hosting.Lifetime Application started. Press Ctrl+C to shut down.
2022-10-04 09:15:28.668 +08:00 [INF]    - Microsoft.Hosting.Lifetime Hosting environment: Development
2022-10-04 09:15:28.668 +08:00 [INF]    - Microsoft.Hosting.Lifetime Content root path: /Users/satryawiguna/Documents/NetProjects/Mibo/WiangtaiMemberApp/WiangtaiMemberApp.Web/
2022-10-04 09:15:29.733 +08:00 [WRN] 0HML5KNMBN728:00000002   - Microsoft.AspNetCore.HttpsPolicy.HttpsRedirectionMiddleware Failed to determine the https port for redirect.
2022-10-04 09:34:37.511 +08:00 [INF]    - Microsoft.Hosting.Lifetime Now listening on: http://localhost:62412
2022-10-04 09:34:37.607 +08:00 [INF]    - Microsoft.Hosting.Lifetime Application started. Press Ctrl+C to shut down.
2022-10-04 09:34:37.607 +08:00 [INF]    - Microsoft.Hosting.Lifetime Hosting environment: Development
2022-10-04 09:34:37.607 +08:00 [INF]    - Microsoft.Hosting.Lifetime Content root path: /Users/satryawiguna/Documents/NetProjects/Mibo/WiangtaiMemberApp/WiangtaiMemberApp.Web/
2022-10-04 09:34:38.721 +08:00 [WRN] 0HML5L2COFTJI:00000002   - Microsoft.AspNetCore.HttpsPolicy.HttpsRedirectionMiddleware Failed to determine the https port for redirect.
2022-10-04 09:35:04.160 +08:00 [INF]    - Microsoft.Hosting.Lifetime Now listening on: http://localhost:62412
2022-10-04 09:35:04.275 +08:00 [INF]    - Microsoft.Hosting.Lifetime Application started. Press Ctrl+C to shut down.
2022-10-04 09:35:04.276 +08:00 [INF]    - Microsoft.Hosting.Lifetime Hosting environment: Development
2022-10-04 09:35:04.276 +08:00 [INF]    - Microsoft.Hosting.Lifetime Content root path: /Users/satryawiguna/Documents/NetProjects/Mibo/WiangtaiMemberApp/WiangtaiMemberApp.Web/
2022-10-04 09:35:05.422 +08:00 [WRN] 0HML5L2KN8OKM:00000002   - Microsoft.AspNetCore.HttpsPolicy.HttpsRedirectionMiddleware Failed to determine the https port for redirect.
2022-10-04 09:36:41.201 +08:00 [INF]    - Microsoft.Hosting.Lifetime Now listening on: http://localhost:62412
2022-10-04 09:36:41.344 +08:00 [INF]    - Microsoft.Hosting.Lifetime Application started. Press Ctrl+C to shut down.
2022-10-04 09:36:41.344 +08:00 [INF]    - Microsoft.Hosting.Lifetime Hosting environment: Development
2022-10-04 09:36:41.344 +08:00 [INF]    - Microsoft.Hosting.Lifetime Content root path: /Users/satryawiguna/Documents/NetProjects/Mibo/WiangtaiMemberApp/WiangtaiMemberApp.Web/
2022-10-04 09:36:42.422 +08:00 [WRN] 0HML5L3HKMTN4:00000002   - Microsoft.AspNetCore.HttpsPolicy.HttpsRedirectionMiddleware Failed to determine the https port for redirect.
2022-10-04 09:37:44.918 +08:00 [INF]    - Microsoft.Hosting.Lifetime Now listening on: http://localhost:62412
2022-10-04 09:37:45.033 +08:00 [INF]    - Microsoft.Hosting.Lifetime Application started. Press Ctrl+C to shut down.
2022-10-04 09:37:45.034 +08:00 [INF]    - Microsoft.Hosting.Lifetime Hosting environment: Development
2022-10-04 09:37:45.034 +08:00 [INF]    - Microsoft.Hosting.Lifetime Content root path: /Users/satryawiguna/Documents/NetProjects/Mibo/WiangtaiMemberApp/WiangtaiMemberApp.Web/
2022-10-04 09:37:46.110 +08:00 [WRN] 0HML5L44KA2DA:00000002   - Microsoft.AspNetCore.HttpsPolicy.HttpsRedirectionMiddleware Failed to determine the https port for redirect.
2022-10-04 09:38:31.573 +08:00 [INF]    - Microsoft.Hosting.Lifetime Now listening on: http://localhost:62412
2022-10-04 09:38:31.686 +08:00 [INF]    - Microsoft.Hosting.Lifetime Application started. Press Ctrl+C to shut down.
2022-10-04 09:38:31.686 +08:00 [INF]    - Microsoft.Hosting.Lifetime Hosting environment: Development
2022-10-04 09:38:31.686 +08:00 [INF]    - Microsoft.Hosting.Lifetime Content root path: /Users/satryawiguna/Documents/NetProjects/Mibo/WiangtaiMemberApp/WiangtaiMemberApp.Web/
2022-10-04 09:38:32.786 +08:00 [WRN] 0HML5L4IH25RO:00000002   - Microsoft.AspNetCore.HttpsPolicy.HttpsRedirectionMiddleware Failed to determine the https port for redirect.
2022-10-04 09:39:23.969 +08:00 [INF]    - Microsoft.Hosting.Lifetime Now listening on: http://localhost:62412
2022-10-04 09:39:24.109 +08:00 [INF]    - Microsoft.Hosting.Lifetime Application started. Press Ctrl+C to shut down.
2022-10-04 09:39:24.109 +08:00 [INF]    - Microsoft.Hosting.Lifetime Hosting environment: Development
2022-10-04 09:39:24.109 +08:00 [INF]    - Microsoft.Hosting.Lifetime Content root path: /Users/satryawiguna/Documents/NetProjects/Mibo/WiangtaiMemberApp/WiangtaiMemberApp.Web/
2022-10-04 09:39:25.249 +08:00 [WRN] 0HML5L524SEPA:00000002   - Microsoft.AspNetCore.HttpsPolicy.HttpsRedirectionMiddleware Failed to determine the https port for redirect.
2022-10-04 09:42:32.583 +08:00 [INF]    - Microsoft.Hosting.Lifetime Now listening on: http://localhost:62412
2022-10-04 09:42:32.668 +08:00 [INF]    - Microsoft.Hosting.Lifetime Application started. Press Ctrl+C to shut down.
2022-10-04 09:42:32.668 +08:00 [INF]    - Microsoft.Hosting.Lifetime Hosting environment: Development
2022-10-04 09:42:32.668 +08:00 [INF]    - Microsoft.Hosting.Lifetime Content root path: /Users/satryawiguna/Documents/NetProjects/Mibo/WiangtaiMemberApp/WiangtaiMemberApp.Web/
2022-10-04 09:42:33.731 +08:00 [WRN] 0HML5L6QB3VO0:00000002   - Microsoft.AspNetCore.HttpsPolicy.HttpsRedirectionMiddleware Failed to determine the https port for redirect.
2022-10-04 09:43:05.723 +08:00 [INF]    - Microsoft.Hosting.Lifetime Now listening on: http://localhost:62412
2022-10-04 09:43:05.842 +08:00 [INF]    - Microsoft.Hosting.Lifetime Application started. Press Ctrl+C to shut down.
2022-10-04 09:43:05.843 +08:00 [INF]    - Microsoft.Hosting.Lifetime Hosting environment: Development
2022-10-04 09:43:05.843 +08:00 [INF]    - Microsoft.Hosting.Lifetime Content root path: /Users/satryawiguna/Documents/NetProjects/Mibo/WiangtaiMemberApp/WiangtaiMemberApp.Web/
2022-10-04 09:43:06.957 +08:00 [WRN] 0HML5L747IBB0:00000002   - Microsoft.AspNetCore.HttpsPolicy.HttpsRedirectionMiddleware Failed to determine the https port for redirect.
2022-10-04 09:52:28.026 +08:00 [INF]    - Microsoft.Hosting.Lifetime Now listening on: http://localhost:62412
2022-10-04 09:52:28.156 +08:00 [INF]    - Microsoft.Hosting.Lifetime Application started. Press Ctrl+C to shut down.
2022-10-04 09:52:28.156 +08:00 [INF]    - Microsoft.Hosting.Lifetime Hosting environment: Development
2022-10-04 09:52:28.156 +08:00 [INF]    - Microsoft.Hosting.Lifetime Content root path: /Users/satryawiguna/Documents/NetProjects/Mibo/WiangtaiMemberApp/WiangtaiMemberApp.Web/
2022-10-04 09:52:29.212 +08:00 [WRN] 0HML5LCBPVPH6:00000002   - Microsoft.AspNetCore.HttpsPolicy.HttpsRedirectionMiddleware Failed to determine the https port for redirect.
2022-10-04 09:57:38.806 +08:00 [INF]    - Microsoft.Hosting.Lifetime Now listening on: http://localhost:62412
2022-10-04 09:57:38.904 +08:00 [INF]    - Microsoft.Hosting.Lifetime Application started. Press Ctrl+C to shut down.
2022-10-04 09:57:38.904 +08:00 [INF]    - Microsoft.Hosting.Lifetime Hosting environment: Development
2022-10-04 09:57:38.904 +08:00 [INF]    - Microsoft.Hosting.Lifetime Content root path: /Users/satryawiguna/Documents/NetProjects/Mibo/WiangtaiMemberApp/WiangtaiMemberApp.Web/
2022-10-04 09:57:40.081 +08:00 [WRN] 0HML5LF8DHENQ:00000002   - Microsoft.AspNetCore.HttpsPolicy.HttpsRedirectionMiddleware Failed to determine the https port for redirect.
2022-10-04 09:59:17.204 +08:00 [INF]    - Microsoft.Hosting.Lifetime Now listening on: http://localhost:62412
2022-10-04 09:59:17.398 +08:00 [INF]    - Microsoft.Hosting.Lifetime Application started. Press Ctrl+C to shut down.
2022-10-04 09:59:17.398 +08:00 [INF]    - Microsoft.Hosting.Lifetime Hosting environment: Development
2022-10-04 09:59:17.398 +08:00 [INF]    - Microsoft.Hosting.Lifetime Content root path: /Users/satryawiguna/Documents/NetProjects/Mibo/WiangtaiMemberApp/WiangtaiMemberApp.Web/
2022-10-04 09:59:18.462 +08:00 [WRN] 0HML5LG5OU47A:00000002   - Microsoft.AspNetCore.HttpsPolicy.HttpsRedirectionMiddleware Failed to determine the https port for redirect.
2022-10-04 10:05:24.483 +08:00 [INF]    - Microsoft.Hosting.Lifetime Now listening on: http://localhost:62412
2022-10-04 10:05:24.581 +08:00 [INF]    - Microsoft.Hosting.Lifetime Application started. Press Ctrl+C to shut down.
2022-10-04 10:05:24.581 +08:00 [INF]    - Microsoft.Hosting.Lifetime Hosting environment: Development
2022-10-04 10:05:24.581 +08:00 [INF]    - Microsoft.Hosting.Lifetime Content root path: /Users/satryawiguna/Documents/NetProjects/Mibo/WiangtaiMemberApp/WiangtaiMemberApp.Web/
2022-10-04 10:05:25.763 +08:00 [WRN] 0HML5LJJ6ME7C:00000002   - Microsoft.AspNetCore.HttpsPolicy.HttpsRedirectionMiddleware Failed to determine the https port for redirect.
2022-10-04 10:06:45.841 +08:00 [INF]    - Microsoft.Hosting.Lifetime Now listening on: http://localhost:62412
2022-10-04 10:06:45.966 +08:00 [INF]    - Microsoft.Hosting.Lifetime Application started. Press Ctrl+C to shut down.
2022-10-04 10:06:45.966 +08:00 [INF]    - Microsoft.Hosting.Lifetime Hosting environment: Development
2022-10-04 10:06:45.966 +08:00 [INF]    - Microsoft.Hosting.Lifetime Content root path: /Users/satryawiguna/Documents/NetProjects/Mibo/WiangtaiMemberApp/WiangtaiMemberApp.Web/
2022-10-04 10:06:47.094 +08:00 [WRN] 0HML5LKBER37U:00000002   - Microsoft.AspNetCore.HttpsPolicy.HttpsRedirectionMiddleware Failed to determine the https port for redirect.
2022-10-04 10:37:05.290 +08:00 [INF]    - Microsoft.Hosting.Lifetime Now listening on: http://localhost:62412
2022-10-04 10:37:05.388 +08:00 [INF]    - Microsoft.Hosting.Lifetime Application started. Press Ctrl+C to shut down.
2022-10-04 10:37:05.388 +08:00 [INF]    - Microsoft.Hosting.Lifetime Hosting environment: Development
2022-10-04 10:37:05.388 +08:00 [INF]    - Microsoft.Hosting.Lifetime Content root path: /Users/satryawiguna/Documents/NetProjects/Mibo/WiangtaiMemberApp/WiangtaiMemberApp.Web/
2022-10-04 10:37:06.650 +08:00 [WRN] 0HML5M59MF85S:00000002   - Microsoft.AspNetCore.HttpsPolicy.HttpsRedirectionMiddleware Failed to determine the https port for redirect.
2022-10-04 10:42:25.102 +08:00 [INF]    - Microsoft.Hosting.Lifetime Now listening on: http://localhost:62412
2022-10-04 10:42:25.317 +08:00 [INF]    - Microsoft.Hosting.Lifetime Application started. Press Ctrl+C to shut down.
2022-10-04 10:42:25.318 +08:00 [INF]    - Microsoft.Hosting.Lifetime Hosting environment: Development
2022-10-04 10:42:25.318 +08:00 [INF]    - Microsoft.Hosting.Lifetime Content root path: /Users/satryawiguna/Documents/NetProjects/Mibo/WiangtaiMemberApp/WiangtaiMemberApp.Web/
2022-10-04 10:42:26.341 +08:00 [WRN] 0HML5M890PMGK:00000002   - Microsoft.AspNetCore.HttpsPolicy.HttpsRedirectionMiddleware Failed to determine the https port for redirect.
2022-10-04 10:43:38.967 +08:00 [INF]    - Microsoft.Hosting.Lifetime Now listening on: http://localhost:62412
2022-10-04 10:43:39.054 +08:00 [INF]    - Microsoft.Hosting.Lifetime Application started. Press Ctrl+C to shut down.
2022-10-04 10:43:39.055 +08:00 [INF]    - Microsoft.Hosting.Lifetime Hosting environment: Development
2022-10-04 10:43:39.055 +08:00 [INF]    - Microsoft.Hosting.Lifetime Content root path: /Users/satryawiguna/Documents/NetProjects/Mibo/WiangtaiMemberApp/WiangtaiMemberApp.Web/
2022-10-04 10:43:40.216 +08:00 [WRN] 0HML5M8V0KC4U:00000002   - Microsoft.AspNetCore.HttpsPolicy.HttpsRedirectionMiddleware Failed to determine the https port for redirect.
2022-10-04 10:43:42.365 +08:00 [INF] 0HML5M8V0KC4U:00000003   - Microsoft.EntityFrameworkCore.Infrastructure Entity Framework Core 6.0.9 initialized 'WiangtaiMemberAppDbContext' using provider 'Microsoft.EntityFrameworkCore.SqlServer:6.0.9' with options: MaxPoolSize=1024 
2022-10-04 10:45:08.522 +08:00 [INF]    - Microsoft.Hosting.Lifetime Now listening on: http://localhost:62412
2022-10-04 10:45:08.629 +08:00 [INF]    - Microsoft.Hosting.Lifetime Application started. Press Ctrl+C to shut down.
2022-10-04 10:45:08.629 +08:00 [INF]    - Microsoft.Hosting.Lifetime Hosting environment: Development
2022-10-04 10:45:08.629 +08:00 [INF]    - Microsoft.Hosting.Lifetime Content root path: /Users/satryawiguna/Documents/NetProjects/Mibo/WiangtaiMemberApp/WiangtaiMemberApp.Web/
2022-10-04 10:45:09.716 +08:00 [WRN] 0HML5M9PMIRT2:00000002   - Microsoft.AspNetCore.HttpsPolicy.HttpsRedirectionMiddleware Failed to determine the https port for redirect.
2022-10-04 10:46:47.341 +08:00 [INF]    - Microsoft.Hosting.Lifetime Now listening on: http://localhost:62412
2022-10-04 10:46:47.455 +08:00 [INF]    - Microsoft.Hosting.Lifetime Application started. Press Ctrl+C to shut down.
2022-10-04 10:46:47.455 +08:00 [INF]    - Microsoft.Hosting.Lifetime Hosting environment: Development
2022-10-04 10:46:47.455 +08:00 [INF]    - Microsoft.Hosting.Lifetime Content root path: /Users/satryawiguna/Documents/NetProjects/Mibo/WiangtaiMemberApp/WiangtaiMemberApp.Web/
2022-10-04 10:46:48.660 +08:00 [WRN] 0HML5MAN5GOCQ:00000002   - Microsoft.AspNetCore.HttpsPolicy.HttpsRedirectionMiddleware Failed to determine the https port for redirect.
2022-10-04 10:48:30.090 +08:00 [INF]    - Microsoft.Hosting.Lifetime Now listening on: http://localhost:62412
2022-10-04 10:48:30.187 +08:00 [INF]    - Microsoft.Hosting.Lifetime Application started. Press Ctrl+C to shut down.
2022-10-04 10:48:30.187 +08:00 [INF]    - Microsoft.Hosting.Lifetime Hosting environment: Development
2022-10-04 10:48:30.188 +08:00 [INF]    - Microsoft.Hosting.Lifetime Content root path: /Users/satryawiguna/Documents/NetProjects/Mibo/WiangtaiMemberApp/WiangtaiMemberApp.Web/
2022-10-04 10:48:31.405 +08:00 [WRN] 0HML5MBLOUP1S:00000002   - Microsoft.AspNetCore.HttpsPolicy.HttpsRedirectionMiddleware Failed to determine the https port for redirect.
2022-10-04 11:18:58.430 +08:00 [INF]    - Microsoft.Hosting.Lifetime Now listening on: http://localhost:62412
2022-10-04 11:18:58.535 +08:00 [INF]    - Microsoft.Hosting.Lifetime Application started. Press Ctrl+C to shut down.
2022-10-04 11:18:58.535 +08:00 [INF]    - Microsoft.Hosting.Lifetime Hosting environment: Development
2022-10-04 11:18:58.535 +08:00 [INF]    - Microsoft.Hosting.Lifetime Content root path: /Users/satryawiguna/Documents/NetProjects/Mibo/WiangtaiMemberApp/WiangtaiMemberApp.Web/
2022-10-04 11:18:59.849 +08:00 [WRN] 0HML5MSMLFI0G:00000002   - Microsoft.AspNetCore.HttpsPolicy.HttpsRedirectionMiddleware Failed to determine the https port for redirect.
2022-10-04 11:31:50.951 +08:00 [INF]    - Microsoft.Hosting.Lifetime Now listening on: http://localhost:62412
2022-10-04 11:31:51.049 +08:00 [INF]    - Microsoft.Hosting.Lifetime Application started. Press Ctrl+C to shut down.
2022-10-04 11:31:51.050 +08:00 [INF]    - Microsoft.Hosting.Lifetime Hosting environment: Development
2022-10-04 11:31:51.050 +08:00 [INF]    - Microsoft.Hosting.Lifetime Content root path: /Users/satryawiguna/Documents/NetProjects/Mibo/WiangtaiMemberApp/WiangtaiMemberApp.Web/
2022-10-04 11:31:52.194 +08:00 [WRN] 0HML5N3SSK3DI:00000002   - Microsoft.AspNetCore.HttpsPolicy.HttpsRedirectionMiddleware Failed to determine the https port for redirect.
2022-10-04 11:37:08.837 +08:00 [INF]    - Microsoft.Hosting.Lifetime Now listening on: http://localhost:62412
2022-10-04 11:37:08.939 +08:00 [INF]    - Microsoft.Hosting.Lifetime Application started. Press Ctrl+C to shut down.
2022-10-04 11:37:08.939 +08:00 [INF]    - Microsoft.Hosting.Lifetime Hosting environment: Development
2022-10-04 11:37:08.939 +08:00 [INF]    - Microsoft.Hosting.Lifetime Content root path: /Users/satryawiguna/Documents/NetProjects/Mibo/WiangtaiMemberApp/WiangtaiMemberApp.Web/
2022-10-04 11:37:10.140 +08:00 [WRN] 0HML5N6RKJ9QO:00000002   - Microsoft.AspNetCore.HttpsPolicy.HttpsRedirectionMiddleware Failed to determine the https port for redirect.
2022-10-04 11:37:12.271 +08:00 [INF] 0HML5N6RKJ9QO:00000003   - Microsoft.EntityFrameworkCore.Infrastructure Entity Framework Core 6.0.9 initialized 'WiangtaiMemberAppDbContext' using provider 'Microsoft.EntityFrameworkCore.SqlServer:6.0.9' with options: MaxPoolSize=1024 
2022-10-04 12:01:42.631 +08:00 [INF]    - Microsoft.Hosting.Lifetime Now listening on: http://localhost:62412
2022-10-04 12:01:42.753 +08:00 [INF]    - Microsoft.Hosting.Lifetime Application started. Press Ctrl+C to shut down.
2022-10-04 12:01:42.753 +08:00 [INF]    - Microsoft.Hosting.Lifetime Hosting environment: Development
2022-10-04 12:01:42.753 +08:00 [INF]    - Microsoft.Hosting.Lifetime Content root path: /Users/satryawiguna/Documents/NetProjects/Mibo/WiangtaiMemberApp/WiangtaiMemberApp.Web/
2022-10-04 12:01:43.904 +08:00 [WRN] 0HML5NKIS1JRK:00000002   - Microsoft.AspNetCore.HttpsPolicy.HttpsRedirectionMiddleware Failed to determine the https port for redirect.
2022-10-04 13:09:34.285 +08:00 [INF]    - Microsoft.Hosting.Lifetime Now listening on: http://localhost:62412
2022-10-04 13:09:34.434 +08:00 [INF]    - Microsoft.Hosting.Lifetime Application started. Press Ctrl+C to shut down.
2022-10-04 13:09:34.434 +08:00 [INF]    - Microsoft.Hosting.Lifetime Hosting environment: Development
2022-10-04 13:09:34.434 +08:00 [INF]    - Microsoft.Hosting.Lifetime Content root path: /Users/satryawiguna/Documents/NetProjects/Mibo/WiangtaiMemberApp/WiangtaiMemberApp.Web/
2022-10-04 13:09:35.643 +08:00 [WRN] 0HML5OQGAAD3A:00000002   - Microsoft.AspNetCore.HttpsPolicy.HttpsRedirectionMiddleware Failed to determine the https port for redirect.
2022-10-04 13:11:01.045 +08:00 [INF]    - Microsoft.Hosting.Lifetime Now listening on: http://localhost:62412
2022-10-04 13:11:01.162 +08:00 [INF]    - Microsoft.Hosting.Lifetime Application started. Press Ctrl+C to shut down.
2022-10-04 13:11:01.162 +08:00 [INF]    - Microsoft.Hosting.Lifetime Hosting environment: Development
2022-10-04 13:11:01.163 +08:00 [INF]    - Microsoft.Hosting.Lifetime Content root path: /Users/satryawiguna/Documents/NetProjects/Mibo/WiangtaiMemberApp/WiangtaiMemberApp.Web/
2022-10-04 13:11:02.800 +08:00 [WRN] 0HML5ORA52R5C:00000002   - Microsoft.AspNetCore.HttpsPolicy.HttpsRedirectionMiddleware Failed to determine the https port for redirect.
2022-10-04 13:12:26.519 +08:00 [INF]    - Microsoft.Hosting.Lifetime Now listening on: http://localhost:62412
2022-10-04 13:12:26.637 +08:00 [INF]    - Microsoft.Hosting.Lifetime Application started. Press Ctrl+C to shut down.
2022-10-04 13:12:26.637 +08:00 [INF]    - Microsoft.Hosting.Lifetime Hosting environment: Development
2022-10-04 13:12:26.637 +08:00 [INF]    - Microsoft.Hosting.Lifetime Content root path: /Users/satryawiguna/Documents/NetProjects/Mibo/WiangtaiMemberApp/WiangtaiMemberApp.Web/
2022-10-04 13:12:27.765 +08:00 [WRN] 0HML5OS3KQK4K:00000002   - Microsoft.AspNetCore.HttpsPolicy.HttpsRedirectionMiddleware Failed to determine the https port for redirect.
2022-10-04 13:13:47.187 +08:00 [INF]    - Microsoft.Hosting.Lifetime Now listening on: http://localhost:62412
2022-10-04 13:13:47.287 +08:00 [INF]    - Microsoft.Hosting.Lifetime Application started. Press Ctrl+C to shut down.
2022-10-04 13:13:47.287 +08:00 [INF]    - Microsoft.Hosting.Lifetime Hosting environment: Development
2022-10-04 13:13:47.287 +08:00 [INF]    - Microsoft.Hosting.Lifetime Content root path: /Users/satryawiguna/Documents/NetProjects/Mibo/WiangtaiMemberApp/WiangtaiMemberApp.Web/
2022-10-04 13:13:48.460 +08:00 [WRN] 0HML5OSRLPHUO:00000002   - Microsoft.AspNetCore.HttpsPolicy.HttpsRedirectionMiddleware Failed to determine the https port for redirect.
2022-10-04 13:13:50.482 +08:00 [INF] 0HML5OSRLPHUO:00000003   - Microsoft.EntityFrameworkCore.Infrastructure Entity Framework Core 6.0.9 initialized 'WiangtaiMemberAppDbContext' using provider 'Microsoft.EntityFrameworkCore.SqlServer:6.0.9' with options: MaxPoolSize=1024 
2022-10-04 13:15:02.502 +08:00 [INF]    - Microsoft.Hosting.Lifetime Now listening on: http://localhost:62412
2022-10-04 13:15:02.637 +08:00 [INF]    - Microsoft.Hosting.Lifetime Application started. Press Ctrl+C to shut down.
2022-10-04 13:15:02.637 +08:00 [INF]    - Microsoft.Hosting.Lifetime Hosting environment: Development
2022-10-04 13:15:02.637 +08:00 [INF]    - Microsoft.Hosting.Lifetime Content root path: /Users/satryawiguna/Documents/NetProjects/Mibo/WiangtaiMemberApp/WiangtaiMemberApp.Web/
2022-10-04 13:15:03.781 +08:00 [WRN] 0HML5OTI4O2TA:00000002   - Microsoft.AspNetCore.HttpsPolicy.HttpsRedirectionMiddleware Failed to determine the https port for redirect.
2022-10-04 13:58:51.988 +08:00 [INF]    - Microsoft.Hosting.Lifetime Now listening on: http://localhost:62412
2022-10-04 13:58:52.089 +08:00 [INF]    - Microsoft.Hosting.Lifetime Application started. Press Ctrl+C to shut down.
2022-10-04 13:58:52.090 +08:00 [INF]    - Microsoft.Hosting.Lifetime Hosting environment: Development
2022-10-04 13:58:52.090 +08:00 [INF]    - Microsoft.Hosting.Lifetime Content root path: /Users/satryawiguna/Documents/NetProjects/Mibo/WiangtaiMemberApp/WiangtaiMemberApp.Web/
2022-10-04 13:58:53.227 +08:00 [WRN] 0HML5PM1OK43U:00000002   - Microsoft.AspNetCore.HttpsPolicy.HttpsRedirectionMiddleware Failed to determine the https port for redirect.
2022-10-04 14:01:49.233 +08:00 [INF]    - Microsoft.Hosting.Lifetime Now listening on: http://localhost:62412
2022-10-04 14:01:49.346 +08:00 [INF]    - Microsoft.Hosting.Lifetime Application started. Press Ctrl+C to shut down.
2022-10-04 14:01:49.346 +08:00 [INF]    - Microsoft.Hosting.Lifetime Hosting environment: Development
2022-10-04 14:01:49.347 +08:00 [INF]    - Microsoft.Hosting.Lifetime Content root path: /Users/satryawiguna/Documents/NetProjects/Mibo/WiangtaiMemberApp/WiangtaiMemberApp.Web/
2022-10-04 14:01:50.525 +08:00 [WRN] 0HML5PNMJ0R7E:00000002   - Microsoft.AspNetCore.HttpsPolicy.HttpsRedirectionMiddleware Failed to determine the https port for redirect.
2022-10-04 14:19:33.275 +08:00 [INF]    - Microsoft.Hosting.Lifetime Now listening on: http://localhost:62412
2022-10-04 14:19:33.443 +08:00 [INF]    - Microsoft.Hosting.Lifetime Application started. Press Ctrl+C to shut down.
2022-10-04 14:19:33.443 +08:00 [INF]    - Microsoft.Hosting.Lifetime Hosting environment: Development
2022-10-04 14:19:33.443 +08:00 [INF]    - Microsoft.Hosting.Lifetime Content root path: /Users/satryawiguna/Documents/NetProjects/Mibo/WiangtaiMemberApp/WiangtaiMemberApp.Web/
2022-10-04 14:19:34.554 +08:00 [WRN] 0HML5Q1JN0L38:00000002   - Microsoft.AspNetCore.HttpsPolicy.HttpsRedirectionMiddleware Failed to determine the https port for redirect.
2022-10-04 14:21:14.196 +08:00 [INF]    - Microsoft.Hosting.Lifetime Now listening on: http://localhost:62412
2022-10-04 14:21:14.340 +08:00 [INF]    - Microsoft.Hosting.Lifetime Application started. Press Ctrl+C to shut down.
2022-10-04 14:21:14.341 +08:00 [INF]    - Microsoft.Hosting.Lifetime Hosting environment: Development
2022-10-04 14:21:14.341 +08:00 [INF]    - Microsoft.Hosting.Lifetime Content root path: /Users/satryawiguna/Documents/NetProjects/Mibo/WiangtaiMemberApp/WiangtaiMemberApp.Web/
2022-10-04 14:21:15.495 +08:00 [WRN] 0HML5Q2HPAG3G:00000002   - Microsoft.AspNetCore.HttpsPolicy.HttpsRedirectionMiddleware Failed to determine the https port for redirect.
2022-10-04 15:39:51.283 +08:00 [INF]    - Microsoft.Hosting.Lifetime Now listening on: http://localhost:62412
2022-10-04 15:39:51.418 +08:00 [INF]    - Microsoft.Hosting.Lifetime Application started. Press Ctrl+C to shut down.
2022-10-04 15:39:51.418 +08:00 [INF]    - Microsoft.Hosting.Lifetime Hosting environment: Development
2022-10-04 15:39:51.418 +08:00 [INF]    - Microsoft.Hosting.Lifetime Content root path: /Users/satryawiguna/Documents/NetProjects/Mibo/WiangtaiMemberApp/WiangtaiMemberApp.Web/
2022-10-04 15:39:52.827 +08:00 [WRN] 0HML5REFJ97M6:00000002   - Microsoft.AspNetCore.HttpsPolicy.HttpsRedirectionMiddleware Failed to determine the https port for redirect.
2022-10-04 15:49:12.226 +08:00 [INF]    - Microsoft.Hosting.Lifetime Now listening on: http://localhost:62412
2022-10-04 15:49:12.346 +08:00 [INF]    - Microsoft.Hosting.Lifetime Application started. Press Ctrl+C to shut down.
2022-10-04 15:49:12.346 +08:00 [INF]    - Microsoft.Hosting.Lifetime Hosting environment: Development
2022-10-04 15:49:12.346 +08:00 [INF]    - Microsoft.Hosting.Lifetime Content root path: /Users/satryawiguna/Documents/NetProjects/Mibo/WiangtaiMemberApp/WiangtaiMemberApp.Web/
2022-10-04 15:49:13.519 +08:00 [WRN] 0HML5RJMOEM0G:00000002   - Microsoft.AspNetCore.HttpsPolicy.HttpsRedirectionMiddleware Failed to determine the https port for redirect.
2022-10-04 16:52:05.610 +08:00 [INF]    - Microsoft.Hosting.Lifetime Now listening on: http://localhost:62412
2022-10-04 16:52:05.709 +08:00 [INF]    - Microsoft.Hosting.Lifetime Application started. Press Ctrl+C to shut down.
2022-10-04 16:52:05.709 +08:00 [INF]    - Microsoft.Hosting.Lifetime Hosting environment: Development
2022-10-04 16:52:05.709 +08:00 [INF]    - Microsoft.Hosting.Lifetime Content root path: /Users/satryawiguna/Documents/NetProjects/Mibo/WiangtaiMemberApp/WiangtaiMemberApp.Web/
2022-10-04 16:52:06.968 +08:00 [WRN] 0HML5SMRA3DQM:00000002   - Microsoft.AspNetCore.HttpsPolicy.HttpsRedirectionMiddleware Failed to determine the https port for redirect.
2022-10-04 17:09:06.507 +08:00 [INF]    - Microsoft.Hosting.Lifetime Now listening on: http://localhost:62412
2022-10-04 17:09:06.589 +08:00 [INF]    - Microsoft.Hosting.Lifetime Application started. Press Ctrl+C to shut down.
2022-10-04 17:09:06.589 +08:00 [INF]    - Microsoft.Hosting.Lifetime Hosting environment: Development
2022-10-04 17:09:06.589 +08:00 [INF]    - Microsoft.Hosting.Lifetime Content root path: /Users/satryawiguna/Documents/NetProjects/Mibo/WiangtaiMemberApp/WiangtaiMemberApp.Web/
2022-10-04 17:09:13.390 +08:00 [WRN] 0HML5T0D75L5C:00000002   - Microsoft.AspNetCore.HttpsPolicy.HttpsRedirectionMiddleware Failed to determine the https port for redirect.
2022-10-04 17:49:22.935 +08:00 [INF]    - Microsoft.Hosting.Lifetime Now listening on: http://localhost:62412
2022-10-04 17:49:23.027 +08:00 [INF]    - Microsoft.Hosting.Lifetime Application started. Press Ctrl+C to shut down.
2022-10-04 17:49:23.027 +08:00 [INF]    - Microsoft.Hosting.Lifetime Hosting environment: Development
2022-10-04 17:49:23.027 +08:00 [INF]    - Microsoft.Hosting.Lifetime Content root path: /Users/satryawiguna/Documents/NetProjects/Mibo/WiangtaiMemberApp/WiangtaiMemberApp.Web/
2022-10-04 17:49:24.241 +08:00 [WRN] 0HML5TMRN18II:00000002   - Microsoft.AspNetCore.HttpsPolicy.HttpsRedirectionMiddleware Failed to determine the https port for redirect.
2022-10-04 17:52:50.954 +08:00 [INF]    - Microsoft.Hosting.Lifetime Now listening on: http://localhost:62412
2022-10-04 17:52:51.074 +08:00 [INF]    - Microsoft.Hosting.Lifetime Application started. Press Ctrl+C to shut down.
2022-10-04 17:52:51.075 +08:00 [INF]    - Microsoft.Hosting.Lifetime Hosting environment: Development
2022-10-04 17:52:51.075 +08:00 [INF]    - Microsoft.Hosting.Lifetime Content root path: /Users/satryawiguna/Documents/NetProjects/Mibo/WiangtaiMemberApp/WiangtaiMemberApp.Web/
2022-10-04 17:52:52.203 +08:00 [WRN] 0HML5TOPMUEEM:00000002   - Microsoft.AspNetCore.HttpsPolicy.HttpsRedirectionMiddleware Failed to determine the https port for redirect.
