2022-09-30 22:01:13.415 +08:00 [INF]    - Microsoft.Hosting.Lifetime Now listening on: http://localhost:62412
2022-09-30 22:01:13.504 +08:00 [INF]    - Microsoft.Hosting.Lifetime Application started. Press Ctrl+C to shut down.
2022-09-30 22:01:13.504 +08:00 [INF]    - Microsoft.Hosting.Lifetime Hosting environment: Development
2022-09-30 22:01:13.504 +08:00 [INF]    - Microsoft.Hosting.Lifetime Content root path: /Users/satryawiguna/Documents/NetProjects/Mibo/WiangtaiMemberApp/WiangtaiMemberApp.Web/
2022-09-30 22:01:14.886 +08:00 [WRN] 0HML2TGU5FUMO:00000002   - Microsoft.AspNetCore.HttpsPolicy.HttpsRedirectionMiddleware Failed to determine the https port for redirect.
2022-09-30 22:01:53.855 +08:00 [INF]    - Microsoft.Hosting.Lifetime Now listening on: http://localhost:62412
2022-09-30 22:01:53.939 +08:00 [INF]    - Microsoft.Hosting.Lifetime Application started. Press Ctrl+C to shut down.
2022-09-30 22:01:53.939 +08:00 [INF]    - Microsoft.Hosting.Lifetime Hosting environment: Development
2022-09-30 22:01:53.939 +08:00 [INF]    - Microsoft.Hosting.Lifetime Content root path: /Users/satryawiguna/Documents/NetProjects/Mibo/WiangtaiMemberApp/WiangtaiMemberApp.Web/
2022-09-30 22:01:55.051 +08:00 [WRN] 0HML2THA6NE24:00000002   - Microsoft.AspNetCore.HttpsPolicy.HttpsRedirectionMiddleware Failed to determine the https port for redirect.
2022-09-30 22:02:36.772 +08:00 [INF]    - Microsoft.Hosting.Lifetime Now listening on: http://localhost:62412
2022-09-30 22:02:36.867 +08:00 [INF]    - Microsoft.Hosting.Lifetime Application started. Press Ctrl+C to shut down.
2022-09-30 22:02:36.867 +08:00 [INF]    - Microsoft.Hosting.Lifetime Hosting environment: Development
2022-09-30 22:02:36.867 +08:00 [INF]    - Microsoft.Hosting.Lifetime Content root path: /Users/satryawiguna/Documents/NetProjects/Mibo/WiangtaiMemberApp/WiangtaiMemberApp.Web/
2022-09-30 22:02:38.009 +08:00 [WRN] 0HML2THN0CA28:00000002   - Microsoft.AspNetCore.HttpsPolicy.HttpsRedirectionMiddleware Failed to determine the https port for redirect.
2022-09-30 22:03:45.848 +08:00 [INF]    - Microsoft.Hosting.Lifetime Now listening on: http://localhost:62412
2022-09-30 22:03:45.962 +08:00 [INF]    - Microsoft.Hosting.Lifetime Application started. Press Ctrl+C to shut down.
2022-09-30 22:03:45.962 +08:00 [INF]    - Microsoft.Hosting.Lifetime Hosting environment: Development
2022-09-30 22:03:45.962 +08:00 [INF]    - Microsoft.Hosting.Lifetime Content root path: /Users/satryawiguna/Documents/NetProjects/Mibo/WiangtaiMemberApp/WiangtaiMemberApp.Web/
2022-09-30 22:03:47.052 +08:00 [WRN] 0HML2TIBJ44IK:00000002   - Microsoft.AspNetCore.HttpsPolicy.HttpsRedirectionMiddleware Failed to determine the https port for redirect.
2022-09-30 22:10:20.388 +08:00 [INF]    - Microsoft.Hosting.Lifetime Now listening on: http://localhost:62412
2022-09-30 22:10:20.502 +08:00 [INF]    - Microsoft.Hosting.Lifetime Application started. Press Ctrl+C to shut down.
2022-09-30 22:10:20.502 +08:00 [INF]    - Microsoft.Hosting.Lifetime Hosting environment: Development
2022-09-30 22:10:20.502 +08:00 [INF]    - Microsoft.Hosting.Lifetime Content root path: /Users/satryawiguna/Documents/NetProjects/Mibo/WiangtaiMemberApp/WiangtaiMemberApp.Web/
2022-09-30 22:10:21.579 +08:00 [WRN] 0HML2TM15T2H8:00000002   - Microsoft.AspNetCore.HttpsPolicy.HttpsRedirectionMiddleware Failed to determine the https port for redirect.
