2022-10-01 05:35:48.686 +08:00 [WRN] 0HML35EUA8KGQ:00000002   - Microsoft.AspNetCore.HttpsPolicy.HttpsRedirectionMiddleware Failed to determine the https port for redirect.
2022-10-01 06:05:53.977 +08:00 [WRN] 0HML35VOFF2JK:00000002   - Microsoft.AspNetCore.HttpsPolicy.HttpsRedirectionMiddleware Failed to determine the https port for redirect.
2022-10-01 06:09:22.524 +08:00 [WRN] 0HML361MKM9KU:00000002   - Microsoft.AspNetCore.HttpsPolicy.HttpsRedirectionMiddleware Failed to determine the https port for redirect.
2022-10-01 06:22:54.244 +08:00 [WRN] 0HML3698HAB02:00000002   - Microsoft.AspNetCore.HttpsPolicy.HttpsRedirectionMiddleware Failed to determine the https port for redirect.
2022-10-01 06:26:47.959 +08:00 [WRN] 0HML36BE6DTVK:00000002   - Microsoft.AspNetCore.HttpsPolicy.HttpsRedirectionMiddleware Failed to determine the https port for redirect.
2022-10-01 09:17:06.975 +08:00 [WRN] 0HML39AJMHRLA:00000002   - Microsoft.AspNetCore.HttpsPolicy.HttpsRedirectionMiddleware Failed to determine the https port for redirect.
2022-10-01 09:17:08.665 +08:00 [WRN] 0HML39AJMHRLA:00000003   - Microsoft.EntityFrameworkCore.Model.Validation No store type was specified for the decimal property 'AnnualFee' on entity type 'MemberType'. This will cause values to be silently truncated if they do not fit in the default precision and scale. Explicitly specify the SQL server column type that can accommodate all the values in 'OnModelCreating' using 'HasColumnType', specify precision and scale using 'HasPrecision', or configure a value converter using 'HasConversion'.
2022-10-01 09:19:14.981 +08:00 [WRN] 0HML39BPRQ64U:00000002   - Microsoft.AspNetCore.HttpsPolicy.HttpsRedirectionMiddleware Failed to determine the https port for redirect.
2022-10-01 09:19:16.604 +08:00 [WRN] 0HML39BPRQ64U:00000002   - Microsoft.EntityFrameworkCore.Model.Validation No store type was specified for the decimal property 'AnnualFee' on entity type 'MemberType'. This will cause values to be silently truncated if they do not fit in the default precision and scale. Explicitly specify the SQL server column type that can accommodate all the values in 'OnModelCreating' using 'HasColumnType', specify precision and scale using 'HasPrecision', or configure a value converter using 'HasConversion'.
2022-10-01 15:09:43.349 +08:00 [WRN] 0HML3FFKOPGMG:00000002   - Microsoft.AspNetCore.HttpsPolicy.HttpsRedirectionMiddleware Failed to determine the https port for redirect.
2022-10-01 15:11:32.867 +08:00 [WRN] 0HML3FGLDMU2O:00000002   - Microsoft.AspNetCore.HttpsPolicy.HttpsRedirectionMiddleware Failed to determine the https port for redirect.
2022-10-01 15:11:34.458 +08:00 [WRN] 0HML3FGLDMU2O:00000003   - Microsoft.EntityFrameworkCore.Model.Validation No store type was specified for the decimal property 'AnnualFee' on entity type 'MemberType'. This will cause values to be silently truncated if they do not fit in the default precision and scale. Explicitly specify the SQL server column type that can accommodate all the values in 'OnModelCreating' using 'HasColumnType', specify precision and scale using 'HasPrecision', or configure a value converter using 'HasConversion'.
2022-10-01 15:12:05.431 +08:00 [ERR] 0HML3FGLDMU2P:00000004  Anonymous - Microsoft.EntityFrameworkCore.Database.Connection An error occurred using the connection to database 'LoyaltyDBV2' on server '192.168.129.52\AMAN'.
2022-10-01 15:12:05.452 +08:00 [ERR] 0HML3FGLDMU2P:00000004  Anonymous - Microsoft.EntityFrameworkCore.Query An exception occurred while iterating over the results of a query for context type 'WiangtaiMemberApp.Data.WiangtaiMemberAppDbContext'.
Microsoft.Data.SqlClient.SqlException (0x80131904): A network-related or instance-specific error occurred while establishing a connection to SQL Server. The server was not found or was not accessible. Verify that the instance name is correct and that SQL Server is configured to allow remote connections. (provider: TCP Provider, error: 25 - Connection string is not valid)
 ---> System.Net.Sockets.SocketException (0x80004005): Undefined error: 0
   at Microsoft.Data.SqlClient.SNI.SSRP.GetPortByInstanceName(String browserHostName, String instanceName)
   at Microsoft.Data.SqlClient.SNI.SNIProxy.CreateTcpHandle(DataSource details, Int64 timerExpire, Boolean parallel, String cachedFQDN, SQLDNSInfo& pendingDNSInfo)
   at Microsoft.Data.SqlClient.TdsParser.ThrowExceptionAndWarning(TdsParserStateObject stateObj, Boolean callerHasConnectionLock, Boolean asyncClose)
   at Microsoft.Data.SqlClient.TdsParser.Connect(ServerInfo serverInfo, SqlInternalConnectionTds connHandler, Boolean ignoreSniOpenTimeout, Int64 timerExpire, Boolean encrypt, Boolean trustServerCert, Boolean integratedSecurity, Boolean withFailover, SqlAuthenticationMethod authType)
   at Microsoft.Data.SqlClient.SqlInternalConnectionTds.AttemptOneLogin(ServerInfo serverInfo, String newPassword, SecureString newSecurePassword, Boolean ignoreSniOpenTimeout, TimeoutTimer timeout, Boolean withFailover)
   at Microsoft.Data.SqlClient.SqlInternalConnectionTds.LoginNoFailover(ServerInfo serverInfo, String newPassword, SecureString newSecurePassword, Boolean redirectedUserInstance, SqlConnectionString connectionOptions, SqlCredential credential, TimeoutTimer timeout)
   at Microsoft.Data.SqlClient.SqlInternalConnectionTds.OpenLoginEnlist(TimeoutTimer timeout, SqlConnectionString connectionOptions, SqlCredential credential, String newPassword, SecureString newSecurePassword, Boolean redirectedUserInstance)
   at Microsoft.Data.SqlClient.SqlInternalConnectionTds..ctor(DbConnectionPoolIdentity identity, SqlConnectionString connectionOptions, SqlCredential credential, Object providerInfo, String newPassword, SecureString newSecurePassword, Boolean redirectedUserInstance, SqlConnectionString userConnectionOptions, SessionData reconnectSessionData, Boolean applyTransientFaultHandling, String accessToken, DbConnectionPool pool)
   at Microsoft.Data.SqlClient.SqlConnectionFactory.CreateConnection(DbConnectionOptions options, DbConnectionPoolKey poolKey, Object poolGroupProviderInfo, DbConnectionPool pool, DbConnection owningConnection, DbConnectionOptions userOptions)
   at Microsoft.Data.ProviderBase.DbConnectionFactory.CreateNonPooledConnection(DbConnection owningConnection, DbConnectionPoolGroup poolGroup, DbConnectionOptions userOptions)
   at Microsoft.Data.ProviderBase.DbConnectionFactory.TryGetConnection(DbConnection owningConnection, TaskCompletionSource`1 retry, DbConnectionOptions userOptions, DbConnectionInternal oldConnection, DbConnectionInternal& connection)
   at Microsoft.Data.ProviderBase.DbConnectionInternal.TryOpenConnectionInternal(DbConnection outerConnection, DbConnectionFactory connectionFactory, TaskCompletionSource`1 retry, DbConnectionOptions userOptions)
   at Microsoft.Data.SqlClient.SqlConnection.TryOpen(TaskCompletionSource`1 retry, SqlConnectionOverrides overrides)
   at Microsoft.Data.SqlClient.SqlConnection.Open(SqlConnectionOverrides overrides)
   at Microsoft.EntityFrameworkCore.Storage.RelationalConnection.OpenInternal(Boolean errorsExpected)
   at Microsoft.EntityFrameworkCore.Storage.RelationalConnection.Open(Boolean errorsExpected)
   at Microsoft.EntityFrameworkCore.Storage.RelationalCommand.ExecuteReader(RelationalCommandParameterObject parameterObject)
   at Microsoft.EntityFrameworkCore.Query.Internal.SingleQueryingEnumerable`1.Enumerator.InitializeReader(Enumerator enumerator)
   at Microsoft.EntityFrameworkCore.SqlServer.Storage.Internal.SqlServerExecutionStrategy.Execute[TState,TResult](TState state, Func`3 operation, Func`3 verifySucceeded)
   at Microsoft.EntityFrameworkCore.Query.Internal.SingleQueryingEnumerable`1.Enumerator.MoveNext()
ClientConnectionId:00000000-0000-0000-0000-000000000000
Microsoft.Data.SqlClient.SqlException (0x80131904): A network-related or instance-specific error occurred while establishing a connection to SQL Server. The server was not found or was not accessible. Verify that the instance name is correct and that SQL Server is configured to allow remote connections. (provider: TCP Provider, error: 25 - Connection string is not valid)
 ---> System.Net.Sockets.SocketException (0x80004005): Undefined error: 0
   at Microsoft.Data.SqlClient.SNI.SSRP.GetPortByInstanceName(String browserHostName, String instanceName)
   at Microsoft.Data.SqlClient.SNI.SNIProxy.CreateTcpHandle(DataSource details, Int64 timerExpire, Boolean parallel, String cachedFQDN, SQLDNSInfo& pendingDNSInfo)
   at Microsoft.Data.SqlClient.TdsParser.ThrowExceptionAndWarning(TdsParserStateObject stateObj, Boolean callerHasConnectionLock, Boolean asyncClose)
   at Microsoft.Data.SqlClient.TdsParser.Connect(ServerInfo serverInfo, SqlInternalConnectionTds connHandler, Boolean ignoreSniOpenTimeout, Int64 timerExpire, Boolean encrypt, Boolean trustServerCert, Boolean integratedSecurity, Boolean withFailover, SqlAuthenticationMethod authType)
   at Microsoft.Data.SqlClient.SqlInternalConnectionTds.AttemptOneLogin(ServerInfo serverInfo, String newPassword, SecureString newSecurePassword, Boolean ignoreSniOpenTimeout, TimeoutTimer timeout, Boolean withFailover)
   at Microsoft.Data.SqlClient.SqlInternalConnectionTds.LoginNoFailover(ServerInfo serverInfo, String newPassword, SecureString newSecurePassword, Boolean redirectedUserInstance, SqlConnectionString connectionOptions, SqlCredential credential, TimeoutTimer timeout)
   at Microsoft.Data.SqlClient.SqlInternalConnectionTds.OpenLoginEnlist(TimeoutTimer timeout, SqlConnectionString connectionOptions, SqlCredential credential, String newPassword, SecureString newSecurePassword, Boolean redirectedUserInstance)
   at Microsoft.Data.SqlClient.SqlInternalConnectionTds..ctor(DbConnectionPoolIdentity identity, SqlConnectionString connectionOptions, SqlCredential credential, Object providerInfo, String newPassword, SecureString newSecurePassword, Boolean redirectedUserInstance, SqlConnectionString userConnectionOptions, SessionData reconnectSessionData, Boolean applyTransientFaultHandling, String accessToken, DbConnectionPool pool)
   at Microsoft.Data.SqlClient.SqlConnectionFactory.CreateConnection(DbConnectionOptions options, DbConnectionPoolKey poolKey, Object poolGroupProviderInfo, DbConnectionPool pool, DbConnection owningConnection, DbConnectionOptions userOptions)
   at Microsoft.Data.ProviderBase.DbConnectionFactory.CreateNonPooledConnection(DbConnection owningConnection, DbConnectionPoolGroup poolGroup, DbConnectionOptions userOptions)
   at Microsoft.Data.ProviderBase.DbConnectionFactory.TryGetConnection(DbConnection owningConnection, TaskCompletionSource`1 retry, DbConnectionOptions userOptions, DbConnectionInternal oldConnection, DbConnectionInternal& connection)
   at Microsoft.Data.ProviderBase.DbConnectionInternal.TryOpenConnectionInternal(DbConnection outerConnection, DbConnectionFactory connectionFactory, TaskCompletionSource`1 retry, DbConnectionOptions userOptions)
   at Microsoft.Data.SqlClient.SqlConnection.TryOpen(TaskCompletionSource`1 retry, SqlConnectionOverrides overrides)
   at Microsoft.Data.SqlClient.SqlConnection.Open(SqlConnectionOverrides overrides)
   at Microsoft.EntityFrameworkCore.Storage.RelationalConnection.OpenInternal(Boolean errorsExpected)
   at Microsoft.EntityFrameworkCore.Storage.RelationalConnection.Open(Boolean errorsExpected)
   at Microsoft.EntityFrameworkCore.Storage.RelationalCommand.ExecuteReader(RelationalCommandParameterObject parameterObject)
   at Microsoft.EntityFrameworkCore.Query.Internal.SingleQueryingEnumerable`1.Enumerator.InitializeReader(Enumerator enumerator)
   at Microsoft.EntityFrameworkCore.SqlServer.Storage.Internal.SqlServerExecutionStrategy.Execute[TState,TResult](TState state, Func`3 operation, Func`3 verifySucceeded)
   at Microsoft.EntityFrameworkCore.Query.Internal.SingleQueryingEnumerable`1.Enumerator.MoveNext()
ClientConnectionId:00000000-0000-0000-0000-000000000000
2022-10-01 15:13:59.834 +08:00 [WRN] 0HML3FI17EP26:00000002   - Microsoft.AspNetCore.HttpsPolicy.HttpsRedirectionMiddleware Failed to determine the https port for redirect.
2022-10-01 15:14:01.371 +08:00 [WRN] 0HML3FI17EP26:00000002   - Microsoft.EntityFrameworkCore.Model.Validation No store type was specified for the decimal property 'AnnualFee' on entity type 'MemberType'. This will cause values to be silently truncated if they do not fit in the default precision and scale. Explicitly specify the SQL server column type that can accommodate all the values in 'OnModelCreating' using 'HasColumnType', specify precision and scale using 'HasPrecision', or configure a value converter using 'HasConversion'.
2022-10-01 15:35:21.891 +08:00 [WRN] 0HML3FTVA8SMK:00000002   - Microsoft.AspNetCore.HttpsPolicy.HttpsRedirectionMiddleware Failed to determine the https port for redirect.
2022-10-01 15:35:23.510 +08:00 [WRN] 0HML3FTVA8SMK:00000003   - Microsoft.EntityFrameworkCore.Model.Validation No store type was specified for the decimal property 'AnnualFee' on entity type 'MemberType'. This will cause values to be silently truncated if they do not fit in the default precision and scale. Explicitly specify the SQL server column type that can accommodate all the values in 'OnModelCreating' using 'HasColumnType', specify precision and scale using 'HasPrecision', or configure a value converter using 'HasConversion'.
2022-10-01 15:38:26.557 +08:00 [WRN] 0HML3FVMBJRGM:00000002   - Microsoft.AspNetCore.HttpsPolicy.HttpsRedirectionMiddleware Failed to determine the https port for redirect.
2022-10-01 15:38:28.071 +08:00 [WRN] 0HML3FVMBJRGM:00000003   - Microsoft.EntityFrameworkCore.Model.Validation No store type was specified for the decimal property 'AnnualFee' on entity type 'MemberType'. This will cause values to be silently truncated if they do not fit in the default precision and scale. Explicitly specify the SQL server column type that can accommodate all the values in 'OnModelCreating' using 'HasColumnType', specify precision and scale using 'HasPrecision', or configure a value converter using 'HasConversion'.
2022-10-01 15:51:08.800 +08:00 [WRN] 0HML3G6PG7RL4:00000002   - Microsoft.AspNetCore.HttpsPolicy.HttpsRedirectionMiddleware Failed to determine the https port for redirect.
2022-10-01 15:51:10.358 +08:00 [WRN] 0HML3G6PG7RL4:00000002   - Microsoft.EntityFrameworkCore.Model.Validation No store type was specified for the decimal property 'AnnualFee' on entity type 'MemberType'. This will cause values to be silently truncated if they do not fit in the default precision and scale. Explicitly specify the SQL server column type that can accommodate all the values in 'OnModelCreating' using 'HasColumnType', specify precision and scale using 'HasPrecision', or configure a value converter using 'HasConversion'.
2022-10-01 20:20:10.942 +08:00 [WRN] 0HML3KT47RC8C:00000002   - Microsoft.AspNetCore.HttpsPolicy.HttpsRedirectionMiddleware Failed to determine the https port for redirect.
2022-10-01 20:20:12.570 +08:00 [WRN] 0HML3KT47RC8C:00000003   - Microsoft.EntityFrameworkCore.Model.Validation No store type was specified for the decimal property 'AnnualFee' on entity type 'MemberType'. This will cause values to be silently truncated if they do not fit in the default precision and scale. Explicitly specify the SQL server column type that can accommodate all the values in 'OnModelCreating' using 'HasColumnType', specify precision and scale using 'HasPrecision', or configure a value converter using 'HasConversion'.
2022-10-01 20:34:59.552 +08:00 [WRN] 0HML3L5CSQCD6:00000002   - Microsoft.AspNetCore.HttpsPolicy.HttpsRedirectionMiddleware Failed to determine the https port for redirect.
2022-10-01 20:35:01.129 +08:00 [WRN] 0HML3L5CSQCD6:00000002   - Microsoft.EntityFrameworkCore.Model.Validation No store type was specified for the decimal property 'AnnualFee' on entity type 'MemberType'. This will cause values to be silently truncated if they do not fit in the default precision and scale. Explicitly specify the SQL server column type that can accommodate all the values in 'OnModelCreating' using 'HasColumnType', specify precision and scale using 'HasPrecision', or configure a value converter using 'HasConversion'.
2022-10-01 20:38:12.374 +08:00 [WRN] 0HML3L76HTFH2:00000002   - Microsoft.AspNetCore.HttpsPolicy.HttpsRedirectionMiddleware Failed to determine the https port for redirect.
2022-10-01 20:38:14.047 +08:00 [WRN] 0HML3L76HTFH2:00000002   - Microsoft.EntityFrameworkCore.Model.Validation No store type was specified for the decimal property 'AnnualFee' on entity type 'MemberType'. This will cause values to be silently truncated if they do not fit in the default precision and scale. Explicitly specify the SQL server column type that can accommodate all the values in 'OnModelCreating' using 'HasColumnType', specify precision and scale using 'HasPrecision', or configure a value converter using 'HasConversion'.
2022-10-01 20:39:55.268 +08:00 [WRN] 0HML3L85591GU:00000002   - Microsoft.AspNetCore.HttpsPolicy.HttpsRedirectionMiddleware Failed to determine the https port for redirect.
2022-10-01 20:39:56.910 +08:00 [WRN] 0HML3L85591GU:00000002   - Microsoft.EntityFrameworkCore.Model.Validation No store type was specified for the decimal property 'AnnualFee' on entity type 'MemberType'. This will cause values to be silently truncated if they do not fit in the default precision and scale. Explicitly specify the SQL server column type that can accommodate all the values in 'OnModelCreating' using 'HasColumnType', specify precision and scale using 'HasPrecision', or configure a value converter using 'HasConversion'.
2022-10-01 20:44:39.143 +08:00 [WRN] 0HML3LAPP8NAE:00000002   - Microsoft.AspNetCore.HttpsPolicy.HttpsRedirectionMiddleware Failed to determine the https port for redirect.
2022-10-01 20:44:40.679 +08:00 [WRN] 0HML3LAPP8NAE:00000002   - Microsoft.EntityFrameworkCore.Model.Validation No store type was specified for the decimal property 'AnnualFee' on entity type 'MemberType'. This will cause values to be silently truncated if they do not fit in the default precision and scale. Explicitly specify the SQL server column type that can accommodate all the values in 'OnModelCreating' using 'HasColumnType', specify precision and scale using 'HasPrecision', or configure a value converter using 'HasConversion'.
