2022-10-04 07:55:01.721 +08:00 [WRN] 0HML5JAN2TEC4:00000002   - Microsoft.AspNetCore.HttpsPolicy.HttpsRedirectionMiddleware Failed to determine the https port for redirect.
2022-10-04 07:56:53.412 +08:00 [WRN] 0HML5JBOOF1DS:00000002   - Microsoft.AspNetCore.HttpsPolicy.HttpsRedirectionMiddleware Failed to determine the https port for redirect.
2022-10-04 07:58:21.471 +08:00 [WRN] 0HML5JCJ0IIEE:00000002   - Microsoft.AspNetCore.HttpsPolicy.HttpsRedirectionMiddleware Failed to determine the https port for redirect.
2022-10-04 08:06:39.208 +08:00 [WRN] 0HML5JH7B87KO:00000002   - Microsoft.AspNetCore.HttpsPolicy.HttpsRedirectionMiddleware Failed to determine the https port for redirect.
2022-10-04 09:15:29.733 +08:00 [WRN] 0HML5KNMBN728:00000002   - Microsoft.AspNetCore.HttpsPolicy.HttpsRedirectionMiddleware Failed to determine the https port for redirect.
2022-10-04 09:34:38.721 +08:00 [WRN] 0HML5L2COFTJI:00000002   - Microsoft.AspNetCore.HttpsPolicy.HttpsRedirectionMiddleware Failed to determine the https port for redirect.
2022-10-04 09:35:05.422 +08:00 [WRN] 0HML5L2KN8OKM:00000002   - Microsoft.AspNetCore.HttpsPolicy.HttpsRedirectionMiddleware Failed to determine the https port for redirect.
2022-10-04 09:36:42.422 +08:00 [WRN] 0HML5L3HKMTN4:00000002   - Microsoft.AspNetCore.HttpsPolicy.HttpsRedirectionMiddleware Failed to determine the https port for redirect.
2022-10-04 09:37:46.110 +08:00 [WRN] 0HML5L44KA2DA:00000002   - Microsoft.AspNetCore.HttpsPolicy.HttpsRedirectionMiddleware Failed to determine the https port for redirect.
2022-10-04 09:38:32.786 +08:00 [WRN] 0HML5L4IH25RO:00000002   - Microsoft.AspNetCore.HttpsPolicy.HttpsRedirectionMiddleware Failed to determine the https port for redirect.
2022-10-04 09:39:25.249 +08:00 [WRN] 0HML5L524SEPA:00000002   - Microsoft.AspNetCore.HttpsPolicy.HttpsRedirectionMiddleware Failed to determine the https port for redirect.
2022-10-04 09:42:33.731 +08:00 [WRN] 0HML5L6QB3VO0:00000002   - Microsoft.AspNetCore.HttpsPolicy.HttpsRedirectionMiddleware Failed to determine the https port for redirect.
2022-10-04 09:43:06.957 +08:00 [WRN] 0HML5L747IBB0:00000002   - Microsoft.AspNetCore.HttpsPolicy.HttpsRedirectionMiddleware Failed to determine the https port for redirect.
2022-10-04 09:52:29.212 +08:00 [WRN] 0HML5LCBPVPH6:00000002   - Microsoft.AspNetCore.HttpsPolicy.HttpsRedirectionMiddleware Failed to determine the https port for redirect.
2022-10-04 09:57:40.081 +08:00 [WRN] 0HML5LF8DHENQ:00000002   - Microsoft.AspNetCore.HttpsPolicy.HttpsRedirectionMiddleware Failed to determine the https port for redirect.
2022-10-04 09:59:18.462 +08:00 [WRN] 0HML5LG5OU47A:00000002   - Microsoft.AspNetCore.HttpsPolicy.HttpsRedirectionMiddleware Failed to determine the https port for redirect.
2022-10-04 10:05:25.763 +08:00 [WRN] 0HML5LJJ6ME7C:00000002   - Microsoft.AspNetCore.HttpsPolicy.HttpsRedirectionMiddleware Failed to determine the https port for redirect.
2022-10-04 10:06:47.094 +08:00 [WRN] 0HML5LKBER37U:00000002   - Microsoft.AspNetCore.HttpsPolicy.HttpsRedirectionMiddleware Failed to determine the https port for redirect.
2022-10-04 10:37:06.650 +08:00 [WRN] 0HML5M59MF85S:00000002   - Microsoft.AspNetCore.HttpsPolicy.HttpsRedirectionMiddleware Failed to determine the https port for redirect.
2022-10-04 10:42:26.341 +08:00 [WRN] 0HML5M890PMGK:00000002   - Microsoft.AspNetCore.HttpsPolicy.HttpsRedirectionMiddleware Failed to determine the https port for redirect.
2022-10-04 10:43:40.216 +08:00 [WRN] 0HML5M8V0KC4U:00000002   - Microsoft.AspNetCore.HttpsPolicy.HttpsRedirectionMiddleware Failed to determine the https port for redirect.
2022-10-04 10:45:09.716 +08:00 [WRN] 0HML5M9PMIRT2:00000002   - Microsoft.AspNetCore.HttpsPolicy.HttpsRedirectionMiddleware Failed to determine the https port for redirect.
2022-10-04 10:46:48.660 +08:00 [WRN] 0HML5MAN5GOCQ:00000002   - Microsoft.AspNetCore.HttpsPolicy.HttpsRedirectionMiddleware Failed to determine the https port for redirect.
2022-10-04 10:48:31.405 +08:00 [WRN] 0HML5MBLOUP1S:00000002   - Microsoft.AspNetCore.HttpsPolicy.HttpsRedirectionMiddleware Failed to determine the https port for redirect.
2022-10-04 11:18:59.849 +08:00 [WRN] 0HML5MSMLFI0G:00000002   - Microsoft.AspNetCore.HttpsPolicy.HttpsRedirectionMiddleware Failed to determine the https port for redirect.
2022-10-04 11:31:52.194 +08:00 [WRN] 0HML5N3SSK3DI:00000002   - Microsoft.AspNetCore.HttpsPolicy.HttpsRedirectionMiddleware Failed to determine the https port for redirect.
2022-10-04 11:37:10.140 +08:00 [WRN] 0HML5N6RKJ9QO:00000002   - Microsoft.AspNetCore.HttpsPolicy.HttpsRedirectionMiddleware Failed to determine the https port for redirect.
2022-10-04 12:01:43.904 +08:00 [WRN] 0HML5NKIS1JRK:00000002   - Microsoft.AspNetCore.HttpsPolicy.HttpsRedirectionMiddleware Failed to determine the https port for redirect.
2022-10-04 13:09:35.643 +08:00 [WRN] 0HML5OQGAAD3A:00000002   - Microsoft.AspNetCore.HttpsPolicy.HttpsRedirectionMiddleware Failed to determine the https port for redirect.
2022-10-04 13:11:02.800 +08:00 [WRN] 0HML5ORA52R5C:00000002   - Microsoft.AspNetCore.HttpsPolicy.HttpsRedirectionMiddleware Failed to determine the https port for redirect.
2022-10-04 13:12:27.765 +08:00 [WRN] 0HML5OS3KQK4K:00000002   - Microsoft.AspNetCore.HttpsPolicy.HttpsRedirectionMiddleware Failed to determine the https port for redirect.
2022-10-04 13:13:48.460 +08:00 [WRN] 0HML5OSRLPHUO:00000002   - Microsoft.AspNetCore.HttpsPolicy.HttpsRedirectionMiddleware Failed to determine the https port for redirect.
2022-10-04 13:15:03.781 +08:00 [WRN] 0HML5OTI4O2TA:00000002   - Microsoft.AspNetCore.HttpsPolicy.HttpsRedirectionMiddleware Failed to determine the https port for redirect.
2022-10-04 13:58:53.227 +08:00 [WRN] 0HML5PM1OK43U:00000002   - Microsoft.AspNetCore.HttpsPolicy.HttpsRedirectionMiddleware Failed to determine the https port for redirect.
2022-10-04 14:01:50.525 +08:00 [WRN] 0HML5PNMJ0R7E:00000002   - Microsoft.AspNetCore.HttpsPolicy.HttpsRedirectionMiddleware Failed to determine the https port for redirect.
2022-10-04 14:19:34.554 +08:00 [WRN] 0HML5Q1JN0L38:00000002   - Microsoft.AspNetCore.HttpsPolicy.HttpsRedirectionMiddleware Failed to determine the https port for redirect.
2022-10-04 14:21:15.495 +08:00 [WRN] 0HML5Q2HPAG3G:00000002   - Microsoft.AspNetCore.HttpsPolicy.HttpsRedirectionMiddleware Failed to determine the https port for redirect.
2022-10-04 15:39:52.827 +08:00 [WRN] 0HML5REFJ97M6:00000002   - Microsoft.AspNetCore.HttpsPolicy.HttpsRedirectionMiddleware Failed to determine the https port for redirect.
2022-10-04 15:49:13.519 +08:00 [WRN] 0HML5RJMOEM0G:00000002   - Microsoft.AspNetCore.HttpsPolicy.HttpsRedirectionMiddleware Failed to determine the https port for redirect.
2022-10-04 16:52:06.968 +08:00 [WRN] 0HML5SMRA3DQM:00000002   - Microsoft.AspNetCore.HttpsPolicy.HttpsRedirectionMiddleware Failed to determine the https port for redirect.
2022-10-04 17:09:13.390 +08:00 [WRN] 0HML5T0D75L5C:00000002   - Microsoft.AspNetCore.HttpsPolicy.HttpsRedirectionMiddleware Failed to determine the https port for redirect.
2022-10-04 17:49:24.241 +08:00 [WRN] 0HML5TMRN18II:00000002   - Microsoft.AspNetCore.HttpsPolicy.HttpsRedirectionMiddleware Failed to determine the https port for redirect.
2022-10-04 17:52:52.203 +08:00 [WRN] 0HML5TOPMUEEM:00000002   - Microsoft.AspNetCore.HttpsPolicy.HttpsRedirectionMiddleware Failed to determine the https port for redirect.
