2022-10-05 04:41:49.126 +08:00 [WRN] 0HML693DB6GC8:00000002   - Microsoft.AspNetCore.HttpsPolicy.HttpsRedirectionMiddleware Failed to determine the https port for redirect.
2022-10-05 04:43:04.616 +08:00 [WRN] 0HML6944A0MNA:00000002   - Microsoft.AspNetCore.HttpsPolicy.HttpsRedirectionMiddleware Failed to determine the https port for redirect.
2022-10-05 04:46:37.926 +08:00 [WRN] 0HML6963SKHUC:00000002   - Microsoft.AspNetCore.HttpsPolicy.HttpsRedirectionMiddleware Failed to determine the https port for redirect.
2022-10-05 05:16:30.531 +08:00 [WRN] 0HML69MQ3O8PG:00000002   - Microsoft.AspNetCore.HttpsPolicy.HttpsRedirectionMiddleware Failed to determine the https port for redirect.
2022-10-05 05:57:20.886 +08:00 [WRN] 0HML6ADKCPLBA:00000002   - Microsoft.AspNetCore.HttpsPolicy.HttpsRedirectionMiddleware Failed to determine the https port for redirect.
2022-10-05 06:03:03.009 +08:00 [WRN] 0HML6AGQB9DCU:00000002   - Microsoft.AspNetCore.HttpsPolicy.HttpsRedirectionMiddleware Failed to determine the https port for redirect.
2022-10-05 06:10:11.364 +08:00 [WRN] 0HML6AKQ18UKS:00000002   - Microsoft.AspNetCore.HttpsPolicy.HttpsRedirectionMiddleware Failed to determine the https port for redirect.
2022-10-05 06:11:21.865 +08:00 [WRN] 0HML6AKQ18UKS:00000004  Anonymous - Microsoft.EntityFrameworkCore.Query Possible unintended use of method 'Equals' for arguments 'm.intNoType' and '@__pageSearchRequest_keyword_0' of different types in a query. This comparison will always return false.
2022-10-05 06:11:49.950 +08:00 [WRN] 0HML6AKQ18UKS:00000004  Anonymous - Microsoft.EntityFrameworkCore.Query Possible unintended use of method 'Equals' for arguments 'm.intNoType' and '@__pageSearchRequest_keyword_0' of different types in a query. This comparison will always return false.
2022-10-05 06:13:42.169 +08:00 [WRN] 0HML6AKQ18UKS:00000005  Anonymous - Microsoft.EntityFrameworkCore.Query Possible unintended use of method 'Equals' for arguments 'm.intNoType' and '@__pageSearchRequest_keyword_0' of different types in a query. This comparison will always return false.
2022-10-05 06:20:27.622 +08:00 [WRN] 0HML6AQHLPBMS:00000002   - Microsoft.AspNetCore.HttpsPolicy.HttpsRedirectionMiddleware Failed to determine the https port for redirect.
2022-10-05 06:21:43.911 +08:00 [WRN] 0HML6AR8DA7BI:00000002   - Microsoft.AspNetCore.HttpsPolicy.HttpsRedirectionMiddleware Failed to determine the https port for redirect.
2022-10-05 06:21:52.805 +08:00 [WRN] 0HML6AR8DA7BI:00000004  Anonymous - Microsoft.EntityFrameworkCore.Query Possible unintended use of method 'Equals' for arguments 'm.intNoType' and '@__pageSearchRequest_keyword_0' of different types in a query. This comparison will always return false.
2022-10-05 06:21:54.256 +08:00 [WRN] 0HML6AR8DA7BI:00000004  Anonymous - Microsoft.EntityFrameworkCore.Query Possible unintended use of method 'Equals' for arguments 'm.intNoType' and '@__pageSearchRequest_keyword_0' of different types in a query. This comparison will always return false.
2022-10-05 06:36:33.507 +08:00 [WRN] 0HML6B3HHI0J2:00000002   - Microsoft.AspNetCore.HttpsPolicy.HttpsRedirectionMiddleware Failed to determine the https port for redirect.
2022-10-05 06:36:40.896 +08:00 [WRN] 0HML6B3HHI0J2:00000004  Anonymous - Microsoft.EntityFrameworkCore.Query Possible unintended use of method 'Equals' for arguments 'm.intNoType' and '@__pageSearchRequest_keyword_0' of different types in a query. This comparison will always return false.
2022-10-05 06:36:42.345 +08:00 [WRN] 0HML6B3HHI0J2:00000004  Anonymous - Microsoft.EntityFrameworkCore.Query Possible unintended use of method 'Equals' for arguments 'm.intNoType' and '@__pageSearchRequest_keyword_0' of different types in a query. This comparison will always return false.
2022-10-05 06:47:45.159 +08:00 [WRN] 0HML6B9PMJSRG:00000002   - Microsoft.AspNetCore.HttpsPolicy.HttpsRedirectionMiddleware Failed to determine the https port for redirect.
2022-10-05 06:52:19.630 +08:00 [WRN] 0HML6BCBFQC0G:00000002   - Microsoft.AspNetCore.HttpsPolicy.HttpsRedirectionMiddleware Failed to determine the https port for redirect.
2022-10-05 06:52:25.396 +08:00 [WRN] 0HML6BCBFQC0G:00000004  Anonymous - Microsoft.EntityFrameworkCore.Query Possible unintended use of method 'Equals' for arguments 'm.intNoType' and '@__pageSearchRequest_keyword_0' of different types in a query. This comparison will always return false.
2022-10-05 06:52:26.830 +08:00 [WRN] 0HML6BCBFQC0G:00000004  Anonymous - Microsoft.EntityFrameworkCore.Query Possible unintended use of method 'Equals' for arguments 'm.intNoType' and '@__pageSearchRequest_keyword_0' of different types in a query. This comparison will always return false.
2022-10-05 06:58:38.940 +08:00 [WRN] 0HML6BFSHHLNI:00000002   - Microsoft.AspNetCore.HttpsPolicy.HttpsRedirectionMiddleware Failed to determine the https port for redirect.
2022-10-05 06:58:44.361 +08:00 [WRN] 0HML6BFSHHLNI:00000004  Anonymous - Microsoft.EntityFrameworkCore.Query Possible unintended use of method 'Equals' for arguments 'm.intNoType' and '@__pageSearchRequest_keyword_0' of different types in a query. This comparison will always return false.
2022-10-05 06:58:45.850 +08:00 [WRN] 0HML6BFSHHLNI:00000004  Anonymous - Microsoft.EntityFrameworkCore.Query Possible unintended use of method 'Equals' for arguments 'm.intNoType' and '@__pageSearchRequest_keyword_0' of different types in a query. This comparison will always return false.
